[0422/182600.875:ERROR:process_memory_win.cc(73)] ReadMemory at 0x229133d4db0 of 72 bytes failed: Only part of a ReadProcessMemory or WriteProcessMemory request was completed. (0x12B)
[0422/182600.988:WARNING:pe_image_annotations_reader.cc(134)] could not read annotations list object in C:\Program Files (x86)\Google\Chrome\Application\81.0.4044.113\chrome_elf.dll
[0422/182600.988:ERROR:process_memory_win.cc(73)] ReadMemory at 0x22913915330 of 72 bytes failed: Only part of a ReadProcessMemory or WriteProcessMemory request was completed. (0x12B)
[0422/182600.988:WARNING:pe_image_annotations_reader.cc(134)] could not read annotations list object in C:\Program Files (x86)\Google\Chrome\Application\81.0.4044.113\chrome.dll
[0422/182600.988:ERROR:process_memory_win.cc(73)] ReadMemory at 0x22913760000 of 64 bytes failed: Only part of a ReadProcessMemory or WriteProcessMemory request was completed. (0x12B)
[0422/182600.990:WARNING:pe_image_reader.cc(340)] could not read dos header from C:\WINDOWS\System32\WS2_32.dll
[0422/182601.015:ERROR:process_memory_win.cc(73)] ReadMemory at 0x229133d4db0 of 72 bytes failed: Only part of a ReadProcessMemory or WriteProcessMemory request was completed. (0x12B)
[0422/182601.015:WARNING:pe_image_annotations_reader.cc(134)] could not read annotations list object in C:\Program Files (x86)\Google\Chrome\Application\81.0.4044.113\chrome_elf.dll
[0422/182601.015:ERROR:process_memory_win.cc(73)] ReadMemory at 0x22913915330 of 72 bytes failed: Only part of a ReadProcessMemory or WriteProcessMemory request was completed. (0x12B)
[0422/182601.015:WARNING:pe_image_annotations_reader.cc(134)] could not read annotations list object in C:\Program Files (x86)\Google\Chrome\Application\81.0.4044.113\chrome.dll
[0422/182601.015:ERROR:process_memory_win.cc(73)] ReadMemory at 0x22913760000 of 64 bytes failed: Only part of a ReadProcessMemory or WriteProcessMemory request was completed. (0x12B)
[0422/182601.015:WARNING:pe_image_reader.cc(340)] could not read dos header from C:\WINDOWS\System32\WS2_32.dll
[0422/182601.015:ERROR:process_memory_win.cc(73)] ReadMemory at 0x229133d4db0 of 72 bytes failed: Only part of a ReadProcessMemory or WriteProcessMemory request was completed. (0x12B)
[0422/182601.015:WARNING:pe_image_annotations_reader.cc(134)] could not read annotations list object in C:\Program Files (x86)\Google\Chrome\Application\81.0.4044.113\chrome_elf.dll
[0422/182601.015:ERROR:process_memory_win.cc(73)] ReadMemory at 0x22913915330 of 72 bytes failed: Only part of a ReadProcessMemory or WriteProcessMemory request was completed. (0x12B)
[0422/182601.015:WARNING:pe_image_annotations_reader.cc(134)] could not read annotations list object in C:\Program Files (x86)\Google\Chrome\Application\81.0.4044.113\chrome.dll
[0422/182601.015:ERROR:process_memory_win.cc(73)] ReadMemory at 0x22913760000 of 64 bytes failed: Only part of a ReadProcessMemory or WriteProcessMemory request was completed. (0x12B)
[0422/182601.015:WARNING:pe_image_reader.cc(340)] could not read dos header from C:\WINDOWS\System32\WS2_32.dll
[0422/182601.175:ERROR:process_memory_win.cc(73)] ReadMemory at 0x5f83be5000 of 110592 bytes failed: Only part of a ReadProcessMemory or WriteProcessMemory request was completed. (0x12B)
[0422/182601.205:ERROR:process_memory_win.cc(73)] ReadMemory at 0x5f843fd000 of 12288 bytes failed: Only part of a ReadProcessMemory or WriteProcessMemory request was completed. (0x12B)
[0422/182601.205:ERROR:process_memory_win.cc(73)] ReadMemory at 0x5f853fd000 of 12288 bytes failed: Only part of a ReadProcessMemory or WriteProcessMemory request was completed. (0x12B)
[0422/182601.205:ERROR:process_memory_win.cc(73)] ReadMemory at 0x5f85bfb000 of 20480 bytes failed: Only part of a ReadProcessMemory or WriteProcessMemory request was completed. (0x12B)
[0422/182601.205:ERROR:process_memory_win.cc(73)] ReadMemory at 0x5f863fe000 of 8192 bytes failed: Only part of a ReadProcessMemory or WriteProcessMemory request was completed. (0x12B)
[0422/182601.205:ERROR:process_memory_win.cc(73)] ReadMemory at 0x5f86bfd000 of 12288 bytes failed: Only part of a ReadProcessMemory or WriteProcessMemory request was completed. (0x12B)
[0422/182601.205:ERROR:process_memory_win.cc(73)] ReadMemory at 0x5f873fb000 of 20480 bytes failed: Only part of a ReadProcessMemory or WriteProcessMemory request was completed. (0x12B)
[0422/182601.205:ERROR:process_memory_win.cc(73)] ReadMemory at 0x5f883fb000 of 20480 bytes failed: Only part of a ReadProcessMemory or WriteProcessMemory request was completed. (0x12B)
[0422/182601.205:ERROR:process_memory_win.cc(73)] ReadMemory at 0x5f88bf6000 of 40960 bytes failed: Only part of a ReadProcessMemory or WriteProcessMemory request was completed. (0x12B)
[0422/182601.205:ERROR:process_memory_win.cc(73)] ReadMemory at 0x5f893f6000 of 40960 bytes failed: Only part of a ReadProcessMemory or WriteProcessMemory request was completed. (0x12B)
[0422/182601.205:ERROR:process_memory_win.cc(73)] ReadMemory at 0x5f89bf6000 of 40960 bytes failed: Only part of a ReadProcessMemory or WriteProcessMemory request was completed. (0x12B)
[0422/182601.205:ERROR:process_memory_win.cc(73)] ReadMemory at 0x5f8a3f6000 of 40960 bytes failed: Only part of a ReadProcessMemory or WriteProcessMemory request was completed. (0x12B)
[0422/182601.205:ERROR:process_memory_win.cc(73)] ReadMemory at 0x5f8abfc000 of 16384 bytes failed: Only part of a ReadProcessMemory or WriteProcessMemory request was completed. (0x12B)
[0422/182601.205:ERROR:process_memory_win.cc(73)] ReadMemory at 0x5f8dbee000 of 73728 bytes failed: Only part of a ReadProcessMemory or WriteProcessMemory request was completed. (0x12B)
[0422/182601.205:ERROR:process_memory_win.cc(73)] ReadMemory at 0x5f902fd000 of 12288 bytes failed: Only part of a ReadProcessMemory or WriteProcessMemory request was completed. (0x12B)
[0422/182601.205:ERROR:process_memory_win.cc(73)] ReadMemory at 0x5f8c2fb000 of 20480 bytes failed: Only part of a ReadProcessMemory or WriteProcessMemory request was completed. (0x12B)
[0422/182601.205:ERROR:process_memory_win.cc(73)] ReadMemory at 0x5f8d2fd000 of 12288 bytes failed: Only part of a ReadProcessMemory or WriteProcessMemory request was completed. (0x12B)
[0422/182601.205:ERROR:process_memory_win.cc(73)] ReadMemory at 0x5f8b3fd000 of 12288 bytes failed: Only part of a ReadProcessMemory or WriteProcessMemory request was completed. (0x12B)
[0422/182601.205:ERROR:process_memory_win.cc(73)] ReadMemory at 0x5f90afd000 of 12288 bytes failed: Only part of a ReadProcessMemory or WriteProcessMemory request was completed. (0x12B)
[0422/182601.205:ERROR:process_memory_win.cc(73)] ReadMemory at 0x5f912fd000 of 12288 bytes failed: Only part of a ReadProcessMemory or WriteProcessMemory request was completed. (0x12B)
[0422/182601.205:ERROR:process_memory_win.cc(73)] ReadMemory at 0x5f91afd000 of 12288 bytes failed: Only part of a ReadProcessMemory or WriteProcessMemory request was completed. (0x12B)
[0422/182601.205:ERROR:process_memory_win.cc(73)] ReadMemory at 0x5f922fd000 of 12288 bytes failed: Only part of a ReadProcessMemory or WriteProcessMemory request was completed. (0x12B)
[0422/182601.205:ERROR:process_memory_win.cc(73)] ReadMemory at 0x5f84bfe000 of 8192 bytes failed: Only part of a ReadProcessMemory or WriteProcessMemory request was completed. (0x12B)
[0422/182601.205:ERROR:process_memory_win.cc(73)] ReadMemory at 0x5f8327e000 of 6024 bytes failed: Only part of a ReadProcessMemory or WriteProcessMemory request was completed. (0x12B)
[0422/182601.205:ERROR:process_memory_win.cc(73)] ReadMemory at 0x5f83290000 of 6024 bytes failed: Only part of a ReadProcessMemory or WriteProcessMemory request was completed. (0x12B)
[0422/182601.205:ERROR:process_memory_win.cc(73)] ReadMemory at 0x5f83294000 of 6024 bytes failed: Only part of a ReadProcessMemory or WriteProcessMemory request was completed. (0x12B)
[0422/182601.205:ERROR:process_memory_win.cc(73)] ReadMemory at 0x5f83298000 of 6024 bytes failed: Only part of a ReadProcessMemory or WriteProcessMemory request was completed. (0x12B)
[0422/182601.205:ERROR:process_memory_win.cc(73)] ReadMemory at 0x5f8329a000 of 6024 bytes failed: Only part of a ReadProcessMemory or WriteProcessMemory request was completed. (0x12B)
[0422/182601.205:ERROR:process_memory_win.cc(73)] ReadMemory at 0x5f8329c000 of 6024 bytes failed: Only part of a ReadProcessMemory or WriteProcessMemory request was completed. (0x12B)
[0422/182601.205:ERROR:process_memory_win.cc(73)] ReadMemory at 0x5f8329e000 of 6024 bytes failed: Only part of a ReadProcessMemory or WriteProcessMemory request was completed. (0x12B)
[0422/182601.205:ERROR:process_memory_win.cc(73)] ReadMemory at 0x5f832a0000 of 6024 bytes failed: Only part of a ReadProcessMemory or WriteProcessMemory request was completed. (0x12B)
[0422/182601.205:ERROR:process_memory_win.cc(73)] ReadMemory at 0x5f8336c000 of 1312 bytes failed: Only part of a ReadProcessMemory or WriteProcessMemory request was completed. (0x12B)
[0422/182601.205:ERROR:process_memory_win.cc(73)] ReadMemory at 0x5f8336d000 of 6024 bytes failed: Only part of a ReadProcessMemory or WriteProcessMemory request was completed. (0x12B)
[0422/182601.205:ERROR:process_memory_win.cc(73)] ReadMemory at 0x5f8336f000 of 6024 bytes failed: Only part of a ReadProcessMemory or WriteProcessMemory request was completed. (0x12B)
[0422/182601.205:ERROR:process_memory_win.cc(73)] ReadMemory at 0x5f83373000 of 6024 bytes failed: Only part of a ReadProcessMemory or WriteProcessMemory request was completed. (0x12B)
[0422/182601.205:ERROR:process_memory_win.cc(73)] ReadMemory at 0x5f83375000 of 6024 bytes failed: Only part of a ReadProcessMemory or WriteProcessMemory request was completed. (0x12B)
[0422/182601.205:ERROR:process_memory_win.cc(73)] ReadMemory at 0x5f83377000 of 6024 bytes failed: Only part of a ReadProcessMemory or WriteProcessMemory request was completed. (0x12B)
[0422/182601.205:ERROR:process_memory_win.cc(73)] ReadMemory at 0x5f83379000 of 6024 bytes failed: Only part of a ReadProcessMemory or WriteProcessMemory request was completed. (0x12B)
[0422/182601.205:ERROR:process_memory_win.cc(73)] ReadMemory at 0x5f8337b000 of 6024 bytes failed: Only part of a ReadProcessMemory or WriteProcessMemory request was completed. (0x12B)
[0422/182601.205:ERROR:process_memory_win.cc(73)] ReadMemory at 0x5f8337f000 of 6024 bytes failed: Only part of a ReadProcessMemory or WriteProcessMemory request was completed. (0x12B)
[0422/182601.205:ERROR:process_memory_win.cc(73)] ReadMemory at 0x5f83381000 of 6024 bytes failed: Only part of a ReadProcessMemory or WriteProcessMemory request was completed. (0x12B)
[0422/182601.205:ERROR:process_memory_win.cc(73)] ReadMemory at 0x5f83383000 of 6024 bytes failed: Only part of a ReadProcessMemory or WriteProcessMemory request was completed. (0x12B)
[0422/182601.205:ERROR:process_memory_win.cc(73)] ReadMemory at 0x5f83385000 of 6024 bytes failed: Only part of a ReadProcessMemory or WriteProcessMemory request was completed. (0x12B)
[0422/182601.205:ERROR:process_memory_win.cc(73)] ReadMemory at 0x5f83387000 of 6024 bytes failed: Only part of a ReadProcessMemory or WriteProcessMemory request was completed. (0x12B)
[0422/182601.205:ERROR:process_memory_win.cc(73)] ReadMemory at 0x5f83389000 of 6024 bytes failed: Only part of a ReadProcessMemory or WriteProcessMemory request was completed. (0x12B)
[0422/182601.205:ERROR:process_memory_win.cc(73)] ReadMemory at 0x5f8339b000 of 6024 bytes failed: Only part of a ReadProcessMemory or WriteProcessMemory request was completed. (0x12B)
[0422/182601.205:ERROR:process_memory_win.cc(73)] ReadMemory at 0x5f833b1000 of 6024 bytes failed: Only part of a ReadProcessMemory or WriteProcessMemory request was completed. (0x12B)
[0422/182601.205:ERROR:process_memory_win.cc(73)] ReadMemory at 0x229131c0fe0 of 4660 bytes failed: Only part of a ReadProcessMemory or WriteProcessMemory request was completed. (0x12B)
[0422/182601.205:ERROR:process_memory_win.cc(73)] ReadMemory at 0x229131c2220 of 1012 bytes failed: Only part of a ReadProcessMemory or WriteProcessMemory request was completed. (0x12B)
[0422/182601.205:ERROR:process_memory_win.cc(73)] ReadMemory at 0x229131c2868 of 118 bytes failed: Only part of a ReadProcessMemory or WriteProcessMemory request was completed. (0x12B)
[0422/182601.205:ERROR:process_memory_win.cc(73)] ReadMemory at 0x229131c28e0 of 762 bytes failed: Only part of a ReadProcessMemory or WriteProcessMemory request was completed. (0x12B)
[0422/182601.205:ERROR:process_memory_win.cc(73)] ReadMemory at 0x229131c2bdc of 118 bytes failed: Only part of a ReadProcessMemory or WriteProcessMemory request was completed. (0x12B)
[0422/182601.205:ERROR:process_memory_win.cc(73)] ReadMemory at 0x229131c2c54 of 102 bytes failed: Only part of a ReadProcessMemory or WriteProcessMemory request was completed. (0x12B)
[0422/182601.205:ERROR:process_memory_win.cc(73)] ReadMemory at 0x229131c2cd0 of 58 bytes failed: Only part of a ReadProcessMemory or WriteProcessMemory request was completed. (0x12B)
[0422/182601.210:ERROR:process_memory_win.cc(73)] ReadMemory at 0x229131c2dd0 of 132 bytes failed: Only part of a ReadProcessMemory or WriteProcessMemory request was completed. (0x12B)
[0422/182601.210:ERROR:process_memory_win.cc(73)] ReadMemory at 0x229131c2f60 of 132 bytes failed: Only part of a ReadProcessMemory or WriteProcessMemory request was completed. (0x12B)
[0422/182601.210:ERROR:process_memory_win.cc(73)] ReadMemory at 0x229131c3120 of 126 bytes failed: Only part of a ReadProcessMemory or WriteProcessMemory request was completed. (0x12B)
[0422/182601.210:ERROR:process_memory_win.cc(73)] ReadMemory at 0x229131c3500 of 132 bytes failed: Only part of a ReadProcessMemory or WriteProcessMemory request was completed. (0x12B)
[0422/182601.210:ERROR:process_memory_win.cc(73)] ReadMemory at 0x229131c3690 of 64 bytes failed: Only part of a ReadProcessMemory or WriteProcessMemory request was completed. (0x12B)
[0422/182601.210:ERROR:process_memory_win.cc(73)] ReadMemory at 0x229131c3850 of 132 bytes failed: Only part of a ReadProcessMemory or WriteProcessMemory request was completed. (0x12B)
[0422/182601.210:ERROR:process_memory_win.cc(73)] ReadMemory at 0x229131c3af0 of 132 bytes failed: Only part of a ReadProcessMemory or WriteProcessMemory request was completed. (0x12B)
[0422/182601.210:ERROR:process_memory_win.cc(73)] ReadMemory at 0x229131c3c80 of 68 bytes failed: Only part of a ReadProcessMemory or WriteProcessMemory request was completed. (0x12B)
[0422/182601.210:ERROR:process_memory_win.cc(73)] ReadMemory at 0x229131c4c70 of 146 bytes failed: Only part of a ReadProcessMemory or WriteProcessMemory request was completed. (0x12B)
[0422/182601.210:ERROR:process_memory_win.cc(73)] ReadMemory at 0x229131c4d50 of 132 bytes failed: Only part of a ReadProcessMemory or WriteProcessMemory request was completed. (0x12B)
[0422/182601.210:ERROR:process_memory_win.cc(73)] ReadMemory at 0x229131c4ee0 of 154 bytes failed: Only part of a ReadProcessMemory or WriteProcessMemory request was completed. (0x12B)
[0422/182601.210:ERROR:process_memory_win.cc(73)] ReadMemory at 0x229131c5d70 of 62 bytes failed: Only part of a ReadProcessMemory or WriteProcessMemory request was completed. (0x12B)
[0422/182601.210:ERROR:process_memory_win.cc(73)] ReadMemory at 0x229131c5f60 of 132 bytes failed: Only part of a ReadProcessMemory or WriteProcessMemory request was completed. (0x12B)
[0422/182601.210:ERROR:process_memory_win.cc(73)] ReadMemory at 0x229131c6090 of 60 bytes failed: Only part of a ReadProcessMemory or WriteProcessMemory request was completed. (0x12B)
[0422/182601.210:ERROR:process_memory_win.cc(73)] ReadMemory at 0x229131c9af0 of 132 bytes failed: Only part of a ReadProcessMemory or WriteProcessMemory request was completed. (0x12B)
[0422/182601.210:ERROR:process_memory_win.cc(73)] ReadMemory at 0x229131ca480 of 132 bytes failed: Only part of a ReadProcessMemory or WriteProcessMemory request was completed. (0x12B)
[0422/182601.210:ERROR:process_memory_win.cc(73)] ReadMemory at 0x229131ca6a0 of 132 bytes failed: Only part of a ReadProcessMemory or WriteProcessMemory request was completed. (0x12B)
[0422/182601.210:ERROR:process_memory_win.cc(73)] ReadMemory at 0x229131ca8c0 of 132 bytes failed: Only part of a ReadProcessMemory or WriteProcessMemory request was completed. (0x12B)
[0422/182601.210:ERROR:process_memory_win.cc(73)] ReadMemory at 0x229131cac20 of 132 bytes failed: Only part of a ReadProcessMemory or WriteProcessMemory request was completed. (0x12B)
[0422/182601.210:ERROR:process_memory_win.cc(73)] ReadMemory at 0x229131caf50 of 132 bytes failed: Only part of a ReadProcessMemory or WriteProcessMemory request was completed. (0x12B)
[0422/182601.210:ERROR:process_memory_win.cc(73)] ReadMemory at 0x229131cb0e0 of 80 bytes failed: Only part of a ReadProcessMemory or WriteProcessMemory request was completed. (0x12B)
[0422/182601.210:ERROR:process_memory_win.cc(73)] ReadMemory at 0x229131cb200 of 64 bytes failed: Only part of a ReadProcessMemory or WriteProcessMemory request was completed. (0x12B)
[0422/182601.210:ERROR:process_memory_win.cc(73)] ReadMemory at 0x229131cb250 of 62 bytes failed: Only part of a ReadProcessMemory or WriteProcessMemory request was completed. (0x12B)
[0422/182601.210:ERROR:process_memory_win.cc(73)] ReadMemory at 0x229131cb2f0 of 64 bytes failed: Only part of a ReadProcessMemory or WriteProcessMemory request was completed. (0x12B)
[0422/182601.210:ERROR:process_memory_win.cc(73)] ReadMemory at 0x229131cb340 of 60 bytes failed: Only part of a ReadProcessMemory or WriteProcessMemory request was completed. (0x12B)
[0422/182601.210:ERROR:process_memory_win.cc(73)] ReadMemory at 0x229131cb610 of 64 bytes failed: Only part of a ReadProcessMemory or WriteProcessMemory request was completed. (0x12B)
[0422/182601.210:ERROR:process_memory_win.cc(73)] ReadMemory at 0x229131cb7a0 of 64 bytes failed: Only part of a ReadProcessMemory or WriteProcessMemory request was completed. (0x12B)
[0422/182601.210:ERROR:process_memory_win.cc(73)] ReadMemory at 0x229131cb7f0 of 62 bytes failed: Only part of a ReadProcessMemory or WriteProcessMemory request was completed. (0x12B)
[0422/182601.210:ERROR:process_memory_win.cc(73)] ReadMemory at 0x229131cb8e0 of 60 bytes failed: Only part of a ReadProcessMemory or WriteProcessMemory request was completed. (0x12B)
[0422/182601.210:ERROR:process_memory_win.cc(73)] ReadMemory at 0x229131cb930 of 66 bytes failed: Only part of a ReadProcessMemory or WriteProcessMemory request was completed. (0x12B)
[0422/182601.210:ERROR:process_memory_win.cc(73)] ReadMemory at 0x229131cbb40 of 132 bytes failed: Only part of a ReadProcessMemory or WriteProcessMemory request was completed. (0x12B)
[0422/182601.210:ERROR:process_memory_win.cc(73)] ReadMemory at 0x229131cbc70 of 132 bytes failed: Only part of a ReadProcessMemory or WriteProcessMemory request was completed. (0x12B)
[0422/182601.210:ERROR:process_memory_win.cc(73)] ReadMemory at 0x229131cbda0 of 132 bytes failed: Only part of a ReadProcessMemory or WriteProcessMemory request was completed. (0x12B)
[0422/182601.210:ERROR:process_memory_win.cc(73)] ReadMemory at 0x229131cbed0 of 132 bytes failed: Only part of a ReadProcessMemory or WriteProcessMemory request was completed. (0x12B)
[0422/182601.210:ERROR:process_memory_win.cc(73)] ReadMemory at 0x229131cc000 of 132 bytes failed: Only part of a ReadProcessMemory or WriteProcessMemory request was completed. (0x12B)
[0422/182601.210:ERROR:process_memory_win.cc(73)] ReadMemory at 0x229131cc130 of 132 bytes failed: Only part of a ReadProcessMemory or WriteProcessMemory request was completed. (0x12B)
[0422/182601.210:ERROR:process_memory_win.cc(73)] ReadMemory at 0x229131cc260 of 132 bytes failed: Only part of a ReadProcessMemory or WriteProcessMemory request was completed. (0x12B)
[0422/182601.210:ERROR:process_memory_win.cc(73)] ReadMemory at 0x229131cc390 of 132 bytes failed: Only part of a ReadProcessMemory or WriteProcessMemory request was completed. (0x12B)
[0422/182601.210:ERROR:process_memory_win.cc(73)] ReadMemory at 0x229131cc4c0 of 132 bytes failed: Only part of a ReadProcessMemory or WriteProcessMemory request was completed. (0x12B)
[0422/182601.210:ERROR:process_memory_win.cc(73)] ReadMemory at 0x229131cc5f0 of 132 bytes failed: Only part of a ReadProcessMemory or WriteProcessMemory request was completed. (0x12B)
[0422/182601.210:ERROR:process_memory_win.cc(73)] ReadMemory at 0x229131cc720 of 132 bytes failed: Only part of a ReadProcessMemory or WriteProcessMemory request was completed. (0x12B)
[0422/182601.210:ERROR:process_memory_win.cc(73)] ReadMemory at 0x229131cc850 of 132 bytes failed: Only part of a ReadProcessMemory or WriteProcessMemory request was completed. (0x12B)
[0422/182601.210:ERROR:process_memory_win.cc(73)] ReadMemory at 0x229131cd140 of 76 bytes failed: Only part of a ReadProcessMemory or WriteProcessMemory request was completed. (0x12B)
[0422/182601.210:ERROR:process_memory_win.cc(73)] ReadMemory at 0x229131cd4a0 of 80 bytes failed: Only part of a ReadProcessMemory or WriteProcessMemory request was completed. (0x12B)
[0422/182601.210:ERROR:process_memory_win.cc(73)] ReadMemory at 0x229131cf190 of 132 bytes failed: Only part of a ReadProcessMemory or WriteProcessMemory request was completed. (0x12B)
[0422/182601.210:ERROR:process_memory_win.cc(73)] ReadMemory at 0x229131cfd30 of 132 bytes failed: Only part of a ReadProcessMemory or WriteProcessMemory request was completed. (0x12B)
[0422/182601.210:ERROR:process_memory_win.cc(73)] ReadMemory at 0x229131d0f50 of 54 bytes failed: Only part of a ReadProcessMemory or WriteProcessMemory request was completed. (0x12B)
[0422/182601.210:ERROR:process_memory_win.cc(73)] ReadMemory at 0x229131d2c30 of 132 bytes failed: Only part of a ReadProcessMemory or WriteProcessMemory request was completed. (0x12B)
[0422/182601.210:ERROR:process_memory_win.cc(73)] ReadMemory at 0x229131d49a0 of 132 bytes failed: Only part of a ReadProcessMemory or WriteProcessMemory request was completed. (0x12B)
[0422/182601.210:ERROR:process_memory_win.cc(73)] ReadMemory at 0x229131d6140 of 64 bytes failed: Only part of a ReadProcessMemory or WriteProcessMemory request was completed. (0x12B)
[0422/182601.210:ERROR:process_memory_win.cc(73)] ReadMemory at 0x229131d6190 of 62 bytes failed: Only part of a ReadProcessMemory or WriteProcessMemory request was completed. (0x12B)
[0422/182601.210:ERROR:process_memory_win.cc(73)] ReadMemory at 0x229131d6320 of 62 bytes failed: Only part of a ReadProcessMemory or WriteProcessMemory request was completed. (0x12B)
[0422/182601.210:ERROR:process_memory_win.cc(73)] ReadMemory at 0x229131d6640 of 58 bytes failed: Only part of a ReadProcessMemory or WriteProcessMemory request was completed. (0x12B)
[0422/182601.210:ERROR:process_memory_win.cc(73)] ReadMemory at 0x229131d6690 of 64 bytes failed: Only part of a ReadProcessMemory or WriteProcessMemory request was completed. (0x12B)
[0422/182601.210:ERROR:process_memory_win.cc(73)] ReadMemory at 0x229131d67d0 of 62 bytes failed: Only part of a ReadProcessMemory or WriteProcessMemory request was completed. (0x12B)
[0422/182601.210:ERROR:process_memory_win.cc(73)] ReadMemory at 0x229131d6820 of 60 bytes failed: Only part of a ReadProcessMemory or WriteProcessMemory request was completed. (0x12B)
[0422/182601.210:ERROR:process_memory_win.cc(73)] ReadMemory at 0x229131d6870 of 60 bytes failed: Only part of a ReadProcessMemory or WriteProcessMemory request was completed. (0x12B)
[0422/182601.210:ERROR:process_memory_win.cc(73)] ReadMemory at 0x229131d6910 of 62 bytes failed: Only part of a ReadProcessMemory or WriteProcessMemory request was completed. (0x12B)
[0422/182601.210:ERROR:process_memory_win.cc(73)] ReadMemory at 0x229131d6a00 of 62 bytes failed: Only part of a ReadProcessMemory or WriteProcessMemory request was completed. (0x12B)
[0422/182601.210:ERROR:process_memory_win.cc(73)] ReadMemory at 0x229131d6a50 of 60 bytes failed: Only part of a ReadProcessMemory or WriteProcessMemory request was completed. (0x12B)
[0422/182601.210:ERROR:process_memory_win.cc(73)] ReadMemory at 0x229131d6b40 of 62 bytes failed: Only part of a ReadProcessMemory or WriteProcessMemory request was completed. (0x12B)
[0422/182601.210:ERROR:process_memory_win.cc(73)] ReadMemory at 0x229131d6b90 of 64 bytes failed: Only part of a ReadProcessMemory or WriteProcessMemory request was completed. (0x12B)
[0422/182601.210:ERROR:process_memory_win.cc(73)] ReadMemory at 0x229131d6be0 of 62 bytes failed: Only part of a ReadProcessMemory or WriteProcessMemory request was completed. (0x12B)
[0422/182601.210:ERROR:process_memory_win.cc(73)] ReadMemory at 0x229131d6dc0 of 66 bytes failed: Only part of a ReadProcessMemory or WriteProcessMemory request was completed. (0x12B)
[0422/182601.210:ERROR:process_memory_win.cc(73)] ReadMemory at 0x229131d6e10 of 60 bytes failed: Only part of a ReadProcessMemory or WriteProcessMemory request was completed. (0x12B)
[0422/182601.210:ERROR:process_memory_win.cc(73)] ReadMemory at 0x229131d6e60 of 62 bytes failed: Only part of a ReadProcessMemory or WriteProcessMemory request was completed. (0x12B)
[0422/182601.210:ERROR:process_memory_win.cc(73)] ReadMemory at 0x229131d6eb0 of 64 bytes failed: Only part of a ReadProcessMemory or WriteProcessMemory request was completed. (0x12B)
[0422/182601.210:ERROR:process_memory_win.cc(73)] ReadMemory at 0x229131d7900 of 132 bytes failed: Only part of a ReadProcessMemory or WriteProcessMemory request was completed. (0x12B)
[0422/182601.210:ERROR:process_memory_win.cc(73)] ReadMemory at 0x229131d83b0 of 132 bytes failed: Only part of a ReadProcessMemory or WriteProcessMemory request was completed. (0x12B)
[0422/182601.210:ERROR:process_memory_win.cc(73)] ReadMemory at 0x229131d8740 of 132 bytes failed: Only part of a ReadProcessMemory or WriteProcessMemory request was completed. (0x12B)
[0422/182601.210:ERROR:process_memory_win.cc(73)] ReadMemory at 0x229131d89a0 of 132 bytes failed: Only part of a ReadProcessMemory or WriteProcessMemory request was completed. (0x12B)
[0422/182601.210:ERROR:process_memory_win.cc(73)] ReadMemory at 0x229131d8c00 of 132 bytes failed: Only part of a ReadProcessMemory or WriteProcessMemory request was completed. (0x12B)
[0422/182601.210:ERROR:process_memory_win.cc(73)] ReadMemory at 0x229131d8d30 of 132 bytes failed: Only part of a ReadProcessMemory or WriteProcessMemory request was completed. (0x12B)
[0422/182601.210:ERROR:process_memory_win.cc(73)] ReadMemory at 0x229131d90c0 of 132 bytes failed: Only part of a ReadProcessMemory or WriteProcessMemory request was completed. (0x12B)
[0422/182601.210:ERROR:process_memory_win.cc(73)] ReadMemory at 0x229131d91f0 of 132 bytes failed: Only part of a ReadProcessMemory or WriteProcessMemory request was completed. (0x12B)
[0422/182601.210:ERROR:process_memory_win.cc(73)] ReadMemory at 0x229131d9450 of 132 bytes failed: Only part of a ReadProcessMemory or WriteProcessMemory request was completed. (0x12B)
[0422/182601.210:ERROR:process_memory_win.cc(73)] ReadMemory at 0x229131d9580 of 132 bytes failed: Only part of a ReadProcessMemory or WriteProcessMemory request was completed. (0x12B)
[0422/182601.210:ERROR:process_memory_win.cc(73)] ReadMemory at 0x229131ef630 of 512 bytes failed: Only part of a ReadProcessMemory or WriteProcessMemory request was completed. (0x12B)
[0422/182601.210:ERROR:process_memory_win.cc(73)] ReadMemory at 0x229131f13e0 of 512 bytes failed: Only part of a ReadProcessMemory or WriteProcessMemory request was completed. (0x12B)
[0422/182601.210:ERROR:process_memory_win.cc(73)] ReadMemory at 0x22913810c40 of 512 bytes failed: Only part of a ReadProcessMemory or WriteProcessMemory request was completed. (0x12B)
[0422/182601.210:ERROR:process_memory_win.cc(73)] ReadMemory at 0x22913811b40 of 512 bytes failed: Only part of a ReadProcessMemory or WriteProcessMemory request was completed. (0x12B)
[0422/182601.210:ERROR:process_memory_win.cc(73)] ReadMemory at 0x22913890000 of 384 bytes failed: Only part of a ReadProcessMemory or WriteProcessMemory request was completed. (0x12B)
[0422/182601.210:ERROR:process_memory_win.cc(73)] ReadMemory at 0x22913890248 of 512 bytes failed: Only part of a ReadProcessMemory or WriteProcessMemory request was completed. (0x12B)
[0422/182601.210:ERROR:process_memory_win.cc(73)] ReadMemory at 0x22913953738 of 512 bytes failed: Only part of a ReadProcessMemory or WriteProcessMemory request was completed. (0x12B)
[0422/182601.210:ERROR:process_memory_win.cc(73)] ReadMemory at 0x22913954a40 of 512 bytes failed: Only part of a ReadProcessMemory or WriteProcessMemory request was completed. (0x12B)
[0422/182601.210:ERROR:process_memory_win.cc(73)] ReadMemory at 0x2291396fce0 of 712 bytes failed: Only part of a ReadProcessMemory or WriteProcessMemory request was completed. (0x12B)
[0422/182601.210:ERROR:process_memory_win.cc(73)] ReadMemory at 0x22915650fe0 of 512 bytes failed: Only part of a ReadProcessMemory or WriteProcessMemory request was completed. (0x12B)
[0422/182601.210:ERROR:process_memory_win.cc(73)] ReadMemory at 0x22916b509d0 of 512 bytes failed: Only part of a ReadProcessMemory or WriteProcessMemory request was completed. (0x12B)
[0422/182601.210:ERROR:process_memory_win.cc(73)] ReadMemory at 0x22916c67fe0 of 512 bytes failed: Only part of a ReadProcessMemory or WriteProcessMemory request was completed. (0x12B)
[0422/182601.210:ERROR:process_memory_win.cc(73)] ReadMemory at 0x22916c9cec0 of 512 bytes failed: Only part of a ReadProcessMemory or WriteProcessMemory request was completed. (0x12B)
[0422/182601.210:ERROR:process_memory_win.cc(73)] ReadMemory at 0x229193f2860 of 744 bytes failed: Only part of a ReadProcessMemory or WriteProcessMemory request was completed. (0x12B)
[0422/182601.210:ERROR:process_memory_win.cc(73)] ReadMemory at 0x229196f99c0 of 512 bytes failed: Only part of a ReadProcessMemory or WriteProcessMemory request was completed. (0x12B)
[0422/182601.210:ERROR:process_memory_win.cc(73)] ReadMemory at 0x2291aa80850 of 512 bytes failed: Only part of a ReadProcessMemory or WriteProcessMemory request was completed. (0x12B)
[0422/182601.210:ERROR:process_memory_win.cc(73)] ReadMemory at 0x2291aa80eb0 of 512 bytes failed: Only part of a ReadProcessMemory or WriteProcessMemory request was completed. (0x12B)
[0422/182601.210:ERROR:process_memory_win.cc(73)] ReadMemory at 0x2291b5091a0 of 528 bytes failed: Only part of a ReadProcessMemory or WriteProcessMemory request was completed. (0x12B)
[0422/182601.210:ERROR:process_memory_win.cc(73)] ReadMemory at 0x2291b509470 of 528 bytes failed: Only part of a ReadProcessMemory or WriteProcessMemory request was completed. (0x12B)
[0422/182601.210:ERROR:process_memory_win.cc(73)] ReadMemory at 0x2291d6133b0 of 512 bytes failed: Only part of a ReadProcessMemory or WriteProcessMemory request was completed. (0x12B)
[0422/182601.210:ERROR:process_memory_win.cc(73)] ReadMemory at 0x2291f684ef0 of 512 bytes failed: Only part of a ReadProcessMemory or WriteProcessMemory request was completed. (0x12B)
[0422/182601.210:ERROR:process_memory_win.cc(73)] ReadMemory at 0x229258b8e40 of 512 bytes failed: Only part of a ReadProcessMemory or WriteProcessMemory request was completed. (0x12B)
[0422/182601.210:ERROR:process_memory_win.cc(73)] ReadMemory at 0x22925b488a8 of 792 bytes failed: Only part of a ReadProcessMemory or WriteProcessMemory request was completed. (0x12B)
[0422/182601.210:ERROR:process_memory_win.cc(73)] ReadMemory at 0x22927f411b0 of 512 bytes failed: Only part of a ReadProcessMemory or WriteProcessMemory request was completed. (0x12B)
[0422/182601.210:ERROR:process_memory_win.cc(73)] ReadMemory at 0x34a008858f70 of 512 bytes failed: Only part of a ReadProcessMemory or WriteProcessMemory request was completed. (0x12B)
[0422/182601.210:ERROR:process_memory_win.cc(73)] ReadMemory at 0x7ff86256870c of 512 bytes failed: Only part of a ReadProcessMemory or WriteProcessMemory request was completed. (0x12B)
[0422/182601.210:ERROR:process_memory_win.cc(73)] ReadMemory at 0x7ff8668f16c0 of 512 bytes failed: Only part of a ReadProcessMemory or WriteProcessMemory request was completed. (0x12B)
[0422/182601.210:ERROR:process_memory_win.cc(73)] ReadMemory at 0x7ff866a66e82 of 512 bytes failed: Only part of a ReadProcessMemory or WriteProcessMemory request was completed. (0x12B)
[0422/182601.210:ERROR:process_memory_win.cc(73)] ReadMemory at 0x7ff8891f7a55 of 512 bytes failed: Only part of a ReadProcessMemory or WriteProcessMemory request was completed. (0x12B)
[0422/182601.210:ERROR:process_memory_win.cc(73)] ReadMemory at 0x7ff8891f8245 of 512 bytes failed: Only part of a ReadProcessMemory or WriteProcessMemory request was completed. (0x12B)
[0422/182601.210:ERROR:process_memory_win.cc(73)] ReadMemory at 0x7ff8bf5c1eb7 of 512 bytes failed: Only part of a ReadProcessMemory or WriteProcessMemory request was completed. (0x12B)
[0422/182601.210:ERROR:process_memory_win.cc(73)] ReadMemory at 0x7ff8bf61c074 of 672 bytes failed: Only part of a ReadProcessMemory or WriteProcessMemory request was completed. (0x12B)
[0422/182601.210:ERROR:process_memory_win.cc(73)] ReadMemory at 0x7ff8bf61f924 of 608 bytes failed: Only part of a ReadProcessMemory or WriteProcessMemory request was completed. (0x12B)
[0422/182601.210:ERROR:process_memory_win.cc(73)] ReadMemory at 0x7ff8bf6ac428 of 18 bytes failed: Only part of a ReadProcessMemory or WriteProcessMemory request was completed. (0x12B)
[0422/182601.210:ERROR:process_memory_win.cc(73)] ReadMemory at 0x7ff8bf6df478 of 512 bytes failed: Only part of a ReadProcessMemory or WriteProcessMemory request was completed. (0x12B)
[0422/182601.210:ERROR:process_memory_win.cc(73)] ReadMemory at 0x7ff8bf6df978 of 48 bytes failed: Only part of a ReadProcessMemory or WriteProcessMemory request was completed. (0x12B)
[0422/182601.210:ERROR:process_memory_win.cc(73)] ReadMemory at 0x7ff8bf6e53c0 of 64 bytes failed: Only part of a ReadProcessMemory or WriteProcessMemory request was completed. (0x12B)
[0422/182601.226:ERROR:scoped_process_suspend.cc(40)] NtResumeProcess: An attempt was made to access an exiting process. (0xc000010a)
